<?xml version="1.0" encoding="UTF-8"?>
<!-- Generated by org.testng.reporters.JUnitReportReporter -->
<testsuite hostname="DESKTOP-K5QPKIP" failures="0" tests="1" name="tests.EcartTest" time="32.526" errors="0" timestamp="2024-02-23T18:48:00 IST" skipped="0">
  <testcase classname="tests.EcartTest" name="submitOrder" time="32.526"/>
</testsuite> <!-- tests.EcartTest -->
