<?xml version="1.0" encoding="UTF-8"?>
<!-- Generated by org.testng.reporters.JUnitReportReporter -->
<testsuite hostname="DESKTOP-K5QPKIP" failures="0" tests="1" name="tests.EcartTest_ZaraCoat_3" time="54.952" errors="0" timestamp="2024-03-14T13:27:42 IST" skipped="0">
  <testcase classname="tests.EcartTest_ZaraCoat_3" name="submitOrder" time="54.952"/>
  <system-out/>
</testsuite> <!-- tests.EcartTest_ZaraCoat_3 -->
