<?xml version="1.0" encoding="UTF-8"?>
<!-- Generated by org.testng.reporters.JUnitReportReporter -->
<testsuite hostname="DESKTOP-K5QPKIP" failures="0" tests="1" name="tests.EcartTest_IPhone" time="74.382" errors="0" timestamp="2024-03-14T13:27:42 IST" skipped="0">
  <testcase classname="tests.EcartTest_IPhone" name="submitOrder" time="74.382"/>
  <system-out/>
</testsuite> <!-- tests.EcartTest_IPhone -->
